\BOOKMARK [0][-]{part.1}{\376\377\000I\000\040\000P\000r\000e\000l\000i\000m\000i\000n\000a\000r\000y\000\040\000n\000o\000t\000i\000o\000n\000s}{}% 1
\BOOKMARK [1][-]{section.1}{\376\377\000P\000h\000y\000s\000i\000c\000a\000l\000\040\000s\000e\000t\000u\000p}{part.1}% 2
\BOOKMARK [1][-]{section.2}{\376\377\000S\000u\000p\000e\000r\000s\000y\000m\000m\000e\000t\000r\000i\000c\000\040\000Y\000a\000n\000g\000-\000M\000i\000l\000l\000s\000\040\000t\000h\000e\000o\000r\000i\000e\000s}{part.1}% 3
\BOOKMARK [2][-]{subsection.2.1}{\376\377\000V\000a\000c\000u\000a\000\040\000s\000p\000a\000c\000e\000\040\000o\000f\000\040\000S\000Y\000M}{section.2}% 4
\BOOKMARK [2][-]{subsection.2.2}{\376\377\000N\000=\0004\000\040\000s\000u\000p\000e\000r\000\040\000Y\000a\000n\000g\000-\000M\000i\000l\000l\000s\000\040\000t\000h\000e\000o\000r\000y\000\040\000i\000n\000\040\000D\000=\0004}{section.2}% 5
\BOOKMARK [3][-]{subsubsection.2.2.1}{\376\377\000S\000u\000p\000e\000r\000c\000o\000n\000f\000o\000r\000m\000a\000l\000\040\000g\000r\000o\000u\000p\000\040\000S\000U\000\050\0002\000,\0002\000|\0004\000\051\000\040\000a\000n\000d\000\040\000i\000t\000s\000\040\000r\000e\000p\000r\000e\000s\000e\000n\000t\000a\000t\000i\000o\000n\000s}{subsection.2.2}% 6
\BOOKMARK [3][-]{subsubsection.2.2.2}{\376\377\000M\000a\000t\000t\000e\000r\000\040\000c\000o\000n\000t\000e\000n\000t}{subsection.2.2}% 7
\BOOKMARK [3][-]{subsubsection.2.2.3}{\376\377\000M\000o\000d\000u\000l\000i\000\040\000s\000p\000a\000c\000e\000\040\000a\000n\000d\000\040\000d\000y\000n\000a\000m\000i\000c\000a\000l\000\040\000p\000h\000a\000s\000e\000s}{subsection.2.2}% 8
\BOOKMARK [2][-]{subsection.2.3}{\376\377\000G\000a\000u\000g\000e\000\040\000a\000n\000o\000m\000a\000l\000y}{section.2}% 9
\BOOKMARK [1][-]{section.3}{\376\377\000P\000r\000o\000p\000e\000r\000t\000i\000e\000s\000\040\000o\000f\000\040\000D\000-\000b\000r\000a\000n\000e\000s}{part.1}% 10
\BOOKMARK [2][-]{subsection.3.1}{\376\377\000S\000Y\000M\000\040\000f\000r\000o\000m\000\040\000D\000-\000b\000r\000a\000n\000e\000s}{section.3}% 11
\BOOKMARK [2][-]{subsection.3.2}{\376\377\000D\000-\000b\000r\000a\000n\000e\000s\000\040\000a\000n\000d\000\040\000r\000e\000s\000i\000d\000u\000a\000l\000\040\000S\000U\000S\000Y\000\040\000i\000n\000\040\000t\000y\000p\000e\000\040\000I\000I\000\040\000t\000h\000e\000o\000r\000i\000e\000s}{section.3}% 12
\BOOKMARK [2][-]{subsection.3.3}{\376\377\000D\000-\000b\000r\000a\000n\000e\000s\000\040\000w\000r\000a\000p\000p\000i\000n\000g\000\040\000c\000y\000c\000l\000e\000s}{section.3}% 13
\BOOKMARK [1][-]{section.4}{\376\377\000A\000l\000g\000e\000b\000r\000a\000i\000c\000\040\000g\000e\000o\000m\000e\000t\000r\000y}{part.1}% 14
\BOOKMARK [2][-]{subsection.4.1}{\376\377\000E\000l\000e\000m\000e\000n\000t\000s}{section.4}% 15
\BOOKMARK [2][-]{subsection.4.2}{\376\377\000D\000i\000v\000i\000s\000o\000r\000s\000\040\000a\000n\000d\000\040\000l\000i\000n\000e\000\040\000b\000u\000n\000d\000l\000e\000s}{section.4}% 16
\BOOKMARK [2][-]{subsection.4.3}{\376\377\000S\000i\000n\000g\000u\000l\000a\000r\000i\000t\000i\000e\000s\000\040\000a\000n\000d\000\040\000r\000e\000s\000o\000l\000u\000t\000i\000o\000n\000s}{section.4}% 17
\BOOKMARK [2][-]{subsection.4.4}{\376\377\000P\000r\000o\000j\000e\000c\000t\000i\000v\000e\000\040\000p\000l\000a\000n\000e\000\040\000c\000u\000r\000v\000e\000s}{section.4}% 18
\BOOKMARK [1][-]{section.5}{\376\377\000Q\000u\000i\000v\000e\000r\000s\000\040\000r\000e\000p\000r\000e\000s\000e\000n\000t\000a\000t\000i\000o\000n\000s\000,\000\040\000p\000a\000t\000h\000\040\000a\000l\000g\000e\000b\000r\000a\000s\000,\000\040\000m\000o\000d\000u\000l\000i\000\040\000s\000p\000a\000c\000e\000s\000\040\000a\000n\000d\000\040\000q\000u\000i\000v\000e\000r\000\040\000v\000a\000r\000i\000e\000t\000i\000e\000s}{part.1}% 19
\BOOKMARK [2][-]{subsection.5.1}{\376\377\000Q\000u\000i\000v\000e\000r\000s\000,\000\040\000p\000a\000t\000h\000\040\000a\000l\000g\000e\000b\000r\000a\000s\000\040\000a\000n\000d\000\040\000r\000e\000l\000a\000t\000i\000o\000n\000s}{section.5}% 20
\BOOKMARK [2][-]{subsection.5.2}{\376\377\000Q\000u\000i\000v\000e\000r\000\040\000r\000e\000p\000r\000e\000s\000e\000n\000t\000a\000t\000i\000o\000n\000s}{section.5}% 21
\BOOKMARK [2][-]{subsection.5.3}{\376\377\000G\000e\000o\000m\000e\000t\000r\000i\000c\000\040\000i\000n\000v\000a\000r\000i\000a\000n\000t\000\040\000t\000h\000e\000o\000r\000y}{section.5}% 22
\BOOKMARK [2][-]{subsection.5.4}{\376\377\000G\000I\000T\000\040\000q\000u\000o\000t\000i\000e\000n\000t\000\040\000f\000o\000r\000\040\000q\000u\000i\000v\000e\000r\000\040\000r\000e\000p\000r\000e\000s\000e\000n\000t\000a\000t\000i\000o\000n}{section.5}% 23
\BOOKMARK [2][-]{subsection.5.5}{\376\377\000Q\000u\000i\000v\000e\000r\000\040\000v\000a\000r\000i\000t\000i\000e\000s}{section.5}% 24
\BOOKMARK [2][-]{subsection.5.6}{\376\377\000M\000o\000d\000u\000l\000i\000\040\000p\000r\000o\000b\000l\000e\000m\000s}{section.5}% 25
\BOOKMARK [1][-]{section.6}{\376\377\000Q\000u\000i\000v\000e\000r\000s\000\040\000i\000n\000\040\000s\000t\000r\000i\000n\000g\000\040\000t\000h\000e\000o\000r\000y\000\040\000a\000n\000d\000\040\000Y\000a\000n\000g\000-\000m\000i\000l\000l\000s\000\040\000i\000n\000\040\000g\000r\000a\000p\000h\000\040\000t\000h\000e\000o\000r\000y}{part.1}% 26
\BOOKMARK [1][-]{section.7}{\376\377\000C\000a\000l\000a\000b\000i\000-\000Y\000a\000u\000\040\000m\000a\000n\000i\000f\000o\000l\000d\000s\000,\000\040\000o\000r\000b\000i\000f\000o\000l\000d\000s\000\040\000a\000n\000d\000\040\000c\000r\000e\000p\000a\000n\000t\000\040\000r\000e\000s\000o\000l\000u\000t\000i\000o\000n\000s}{part.1}% 27
\BOOKMARK [2][-]{subsection.7.1}{\376\377\000K\000\344\000h\000l\000e\000r\000,\000\040\000C\000a\000l\000a\000b\000i\000-\000Y\000a\000u\000\040\000s\000t\000r\000u\000c\000t\000u\000r\000e\000\040\000a\000n\000d\000\040\000m\000o\000d\000u\000l\000i\000\040\000s\000p\000a\000c\000e\000s}{section.7}% 28
\BOOKMARK [2][-]{subsection.7.2}{\376\377\000C\000a\000l\000a\000b\000i\000-\000Y\000a\000u\000\040\000m\000a\000n\000i\000f\000o\000l\000d\000s}{section.7}% 29
\BOOKMARK [2][-]{subsection.7.3}{\376\377\000C\000a\000l\000a\000b\000i\000-\000Y\000a\000u\000\040\000o\000r\000b\000i\000f\000o\000l\000d\000s}{section.7}% 30
\BOOKMARK [1][-]{section.8}{\376\377\000M\000c\000K\000a\000y\000\040\000c\000o\000r\000r\000e\000s\000p\000o\000n\000d\000e\000n\000c\000e}{part.1}% 31
\BOOKMARK [2][-]{subsection.8.1}{\376\377\000C\000l\000a\000s\000s\000i\000c\000a\000l\000\040\000c\000o\000r\000r\000e\000s\000p\000o\000n\000d\000e\000n\000c\000e}{section.8}% 32
\BOOKMARK [2][-]{subsection.8.2}{\376\377\000G\000e\000o\000m\000e\000t\000r\000i\000c\000a\000l\000\040\000M\000c\000K\000a\000y\000\040\000c\000o\000r\000r\000e\000s\000p\000o\000n\000d\000e\000n\000c\000e}{section.8}% 33
\BOOKMARK [0][-]{part.2}{\376\377\000I\000I\000\040\000O\000r\000b\000i\000f\000o\000l\000d\000\040\000s\000i\000n\000g\000u\000l\000a\000r\000i\000t\000i\000e\000s}{}% 34
\BOOKMARK [1][-]{section.9}{\376\377\000T\000h\000e\000\040\000s\000i\000m\000p\000l\000e\000s\000t\000\040\000c\000a\000s\000e\000:\000\040\000s\000m\000o\000o\000t\000h\000\040\000t\000r\000a\000n\000s\000v\000e\000r\000s\000e\000\040\000s\000p\000a\000c\000e}{part.2}% 35
\BOOKMARK [2][-]{subsection.9.1}{\376\377\000G\000e\000n\000e\000r\000a\000l\000i\000t\000i\000e\000s}{section.9}% 36
\BOOKMARK [2][-]{subsection.9.2}{\376\377\000M\000a\000t\000t\000e\000r\000\040\000c\000o\000n\000t\000e\000n\000t}{section.9}% 37
\BOOKMARK [1][-]{section.10}{\376\377\000S\000t\000r\000i\000n\000g\000s\000\040\000o\000n\000\040\000o\000r\000b\000i\000f\000o\000l\000d\000s}{part.2}% 38
\BOOKMARK [2][-]{subsection.10.1}{\376\377\000G\000e\000n\000e\000r\000a\000l\000i\000t\000i\000e\000s}{section.10}% 39
\BOOKMARK [2][-]{subsection.10.2}{\376\377\000T\000w\000i\000s\000t\000e\000d\000\040\000s\000e\000c\000t\000o\000r}{section.10}% 40
\BOOKMARK [2][-]{subsection.10.3}{\376\377\000P\000r\000o\000j\000e\000c\000t\000i\000o\000n\000\040\000t\000o\000\040\000d\000a\000u\000g\000h\000t\000e\000r\000\040\000t\000h\000e\000o\000r\000y}{section.10}% 41
\BOOKMARK [2][-]{subsection.10.4}{\376\377\000R\000e\000p\000r\000e\000s\000e\000n\000t\000a\000t\000i\000o\000n\000\040\000t\000h\000e\000o\000r\000y\000\040\000o\000f\000\040\000t\000h\000e\000\040\000p\000r\000o\000j\000e\000c\000t\000i\000o\000n}{section.10}% 42
\BOOKMARK [3][-]{subsubsection.10.4.1}{\376\377\000E\000m\000b\000e\000d\000d\000i\000n\000g\000\040\000o\000f\000\040\000\040\000i\000n\000\040\000t\000h\000e\000\040\000g\000a\000u\000g\000e\000\040\000g\000r\000o\000u\000p}{subsection.10.4}% 43
\BOOKMARK [3][-]{subsubsection.10.4.2}{\376\377\000A\000d\000j\000o\000i\000n\000t\000\040\000r\000e\000p\000r\000e\000s\000e\000n\000t\000a\000t\000i\000o\000n\000\040\000a\000n\000d\000\040\000b\000i\000-\000f\000u\000n\000d\000a\000m\000e\000n\000t\000a\000l\000\040\000f\000i\000e\000l\000d\000s}{subsection.10.4}% 44
\BOOKMARK [3][-]{subsubsection.10.4.3}{\376\377\000I\000n\000v\000a\000r\000i\000a\000n\000t\000\040\000c\000o\000n\000f\000i\000g\000u\000r\000a\000t\000i\000o\000n\000s\000:\000\040\000g\000e\000n\000e\000r\000a\000l\000\040\000c\000a\000s\000e}{subsection.10.4}% 45
\BOOKMARK [3][-]{subsubsection.10.4.4}{\376\377\000B\000i\000-\000i\000n\000d\000e\000x\000\040\000n\000o\000t\000a\000t\000i\000o\000n}{subsection.10.4}% 46
\BOOKMARK [2][-]{subsection.10.5}{\376\377\000F\000i\000e\000l\000d\000\040\000c\000o\000n\000t\000e\000n\000t\000,\000\040\000q\000u\000i\000v\000e\000r\000s\000\040\000a\000n\000d\000\040\000M\000c\000K\000a\000y\000\040\000g\000r\000a\000p\000h\000s}{section.10}% 47
\BOOKMARK [2][-]{subsection.10.6}{\376\377\000G\000a\000u\000g\000e\000\040\000a\000n\000o\000m\000a\000l\000y\000\040\000c\000a\000n\000c\000e\000l\000l\000a\000t\000i\000o\000n}{section.10}% 48
\BOOKMARK [2][-]{subsection.10.7}{\376\377\000A\000\040\000s\000i\000m\000p\000l\000e\000\040\000e\000x\000a\000m\000p\000l\000e\000:\000\040\000S\000=\000C\0003\000/\000Z\0003}{section.10}% 49
\BOOKMARK [3][-]{subsubsection.10.7.1}{\376\377\000P\000r\000o\000j\000e\000c\000t\000i\000o\000n}{subsection.10.7}% 50
\BOOKMARK [3][-]{subsubsection.10.7.2}{\376\377\000Q\000u\000i\000v\000e\000r}{subsection.10.7}% 51
\BOOKMARK [3][-]{subsubsection.10.7.3}{\376\377\000G\000a\000u\000g\000e\000\040\000a\000n\000o\000m\000a\000l\000y\000\040\000c\000a\000n\000c\000e\000l\000l\000a\000t\000i\000o\000n}{subsection.10.7}% 52
\BOOKMARK [1][-]{section.11}{\376\377\000C\000o\000n\000f\000o\000r\000m\000a\000l\000\040\000i\000n\000v\000a\000r\000i\000a\000n\000c\000e}{part.2}% 53
\BOOKMARK [1][-]{section.12}{\376\377\000L\000a\000g\000r\000a\000n\000g\000i\000a\000n}{part.2}% 54
\BOOKMARK [1][-]{section.13}{\376\377\000F\000i\000n\000i\000t\000u\000d\000e}{part.2}% 55
\BOOKMARK [1][-]{section.14}{\376\377\000F\000r\000a\000c\000t\000i\000o\000n\000a\000l\000\040\000b\000r\000a\000n\000e\000s}{part.2}% 56
\BOOKMARK [1][-]{section.15}{\376\377\000N\000=\0002\000\040\000d\000a\000u\000g\000h\000t\000e\000r\000\040\000t\000h\000e\000o\000r\000i\000e\000s}{part.2}% 57
\BOOKMARK [2][-]{subsection.15.1}{\376\377\000G\000e\000n\000e\000r\000a\000l\000i\000t\000i\000e\000s}{section.15}% 58
\BOOKMARK [2][-]{subsection.15.2}{\376\377\000S\000=\000C\000C\0002\000/\000Z\000n}{section.15}% 59
\BOOKMARK [2][-]{subsection.15.3}{\376\377\000S\000=\000C\000C\0002\000/\000D\000n}{section.15}% 60
\BOOKMARK [2][-]{subsection.15.4}{\376\377\000S\000=\000C\000C\0002\000/\000T\000,\000O\000,\000I}{section.15}% 61
\BOOKMARK [1][-]{section.16}{\376\377\000N\000=\0001\000\040\000d\000a\000u\000g\000h\000t\000e\000r\000\040\000t\000h\000e\000o\000r\000i\000e\000s}{part.2}% 62
\BOOKMARK [2][-]{subsection.16.1}{\376\377\000S\000=\000C\0003\000/\000Z\000n}{section.16}% 63
\BOOKMARK [3][-]{subsubsection.16.1.1}{\376\377\000A\000c\000t\000i\000o\000n\000s\000\040\000o\000f\000\040\000Z\000n\000\040\000o\000n\000\040\000C\0003}{subsection.16.1}% 64
\BOOKMARK [3][-]{subsubsection.16.1.2}{\376\377\000E\000x\000a\000m\000p\000l\000e\000:\000\040\000Z\0005}{subsection.16.1}% 65
\BOOKMARK [3][-]{subsubsection.16.1.3}{\376\377\000G\000e\000n\000e\000r\000a\000l\000\040\000Z\000n}{subsection.16.1}% 66
\BOOKMARK [2][-]{subsection.16.2}{\376\377\000S\000=\000C\0003\000/\000\050\0003\000n\0002\000\051\000,\000\050\0006\000n\0002\000\051}{section.16}% 67
\BOOKMARK [2][-]{subsection.16.3}{\376\377\000S\000=\000C\0003\000/\0003\0006\0003\000,\0006\0000\0003\000,\0001\0006\0008\0003\000,\0002\0001\0006\0003\000,\0003\0006\0000\0003}{section.16}% 68
\BOOKMARK [2][-]{subsection.16.4}{\376\377\000S\000=\000C\0003\000/\000\050\000Z\000m\000Z\000n\000\051}{section.16}% 69
\BOOKMARK [3][-]{subsubsection.16.4.1}{\376\377\000R\000e\000p\000r\000e\000s\000e\000n\000t\000a\000t\000i\000o\000n\000s\000\040\000o\000f\000\040\000Z\000m\000Z\000n}{subsection.16.4}% 70
\BOOKMARK [3][-]{subsubsection.16.4.2}{\376\377\000P\000r\000o\000j\000e\000c\000t\000i\000o\000n}{subsection.16.4}% 71
\BOOKMARK [1][-]{section.17}{\376\377\000A\000\040\000n\000o\000t\000e\000\040\000a\000b\000o\000u\000t\000\040\000p\000r\000o\000j\000e\000c\000t\000i\000v\000e\000\040\000r\000e\000p\000r\000e\000s\000e\000n\000t\000a\000t\000i\000o\000n\000s\000,\000\040\000d\000i\000s\000c\000r\000e\000t\000e\000\040\000t\000o\000r\000s\000i\000o\000n\000\040\000a\000n\000d\000\040\000d\000e\000f\000o\000r\000m\000a\000t\000i\000o\000n\000s}{part.2}% 72
\BOOKMARK [2][-]{subsection.17.1}{\376\377\000P\000r\000o\000j\000e\000c\000t\000i\000v\000e\000\040\000r\000e\000p\000r\000e\000s\000e\000n\000t\000a\000t\000i\000o\000n\000s\000\040\000a\000n\000d\000\040\000d\000i\000s\000c\000r\000e\000t\000e\000\040\000t\000o\000r\000s\000i\000o\000n}{section.17}% 73
\BOOKMARK [2][-]{subsection.17.2}{\376\377\000Q\000u\000i\000v\000e\000r\000\040\000g\000a\000u\000g\000e\000\040\000t\000h\000e\000o\000r\000i\000e\000s\000\040\000d\000e\000f\000o\000r\000m\000a\000t\000i\000o\000n\000s\000\040\000a\000n\000d\000\040\000c\000o\000n\000i\000f\000o\000l\000d}{section.17}% 74
\BOOKMARK [1][-]{section.18}{\376\377\000A\000\040\000n\000o\000t\000e\000\040\000o\000n\000\040\000\050\000p\000+\0001\000\051\000-\000d\000i\000m\000e\000n\000s\000i\000o\000n\000a\000l\000\040\000q\000u\000i\000v\000e\000r\000\040\000g\000a\000u\000g\000e\000\040\000t\000h\000e\000o\000r\000i\000e\000s}{part.2}% 75
\BOOKMARK [1][-]{section.19}{\376\377\000S\000u\000m\000m\000a\000r\000y\000\040\000o\000f\000\040\000o\000r\000b\000i\000f\000o\000l\000d\000\040\000w\000o\000r\000l\000d\000v\000o\000l\000u\000m\000e\000\040\000t\000h\000e\000o\000r\000i\000e\000s}{part.2}% 76
\BOOKMARK [1][-]{section.20}{\376\377\000C\000l\000a\000s\000s\000i\000c\000a\000l\000\040\000M\000c\000K\000a\000y\000\040\000c\000o\000r\000r\000e\000s\000p\000o\000n\000d\000e\000n\000c\000e\000\040\000f\000r\000o\000m\000\040\000s\000t\000r\000i\000n\000g\000s}{part.2}% 77
\BOOKMARK [0][-]{part.3}{\376\377\000I\000I\000I\000\040\000T\000o\000r\000i\000c\000\040\000s\000i\000n\000g\000u\000l\000a\000r\000i\000t\000i\000e\000s}{}% 78
\BOOKMARK [1][-]{section.21}{\376\377\000T\000o\000r\000i\000c\000\040\000g\000e\000o\000m\000e\000t\000r\000y}{part.3}% 79
\BOOKMARK [2][-]{subsection.21.1}{\376\377\000C\000o\000n\000e\000s}{section.21}% 80
\BOOKMARK [2][-]{subsection.21.2}{\376\377\000T\000o\000r\000i\000c\000\040\000v\000a\000r\000i\000e\000t\000i\000e\000s}{section.21}% 81
\BOOKMARK [2][-]{subsection.21.3}{\376\377\000C\000o\000n\000s\000t\000r\000u\000c\000t\000i\000n\000g\000\040\000t\000o\000r\000i\000c\000\040\000a\000f\000f\000i\000n\000e\000\040\000v\000a\000r\000i\000e\000t\000i\000e\000s}{section.21}% 82
\BOOKMARK [3][-]{subsubsection.21.3.1}{\376\377\000T\000o\000r\000i\000c\000\040\000v\000a\000r\000i\000e\000t\000y\000\040\000o\000f\000\040\000a\000\040\000c\000o\000n\000e\000s}{subsection.21.3}% 83
\BOOKMARK [2][-]{subsection.21.4}{\376\377\000T\000o\000r\000i\000c\000\040\000v\000a\000r\000i\000e\000t\000y\000\040\000o\000f\000\040\000a\000\040\000f\000a\000n}{section.21}% 84
\BOOKMARK [3][-]{subsubsection.21.4.1}{\376\377\000F\000a\000n\000\040\000f\000r\000o\000m\000\040\000a\000\040\000t\000o\000r\000i\000c\000\040\000v\000a\000r\000i\000e\000t\000y}{subsection.21.4}% 85
\BOOKMARK [2][-]{subsection.21.5}{\376\377\000M\000o\000r\000e\000\040\000g\000e\000n\000e\000r\000a\000l\000\040\000c\000o\000n\000s\000t\000r\000u\000c\000t\000i\000o\000n\000s}{section.21}% 86
\BOOKMARK [2][-]{subsection.21.6}{\376\377\000R\000e\000l\000a\000t\000i\000o\000n\000\040\000b\000e\000t\000w\000e\000e\000n\000\040\000f\000a\000n\000\040\000v\000a\000r\000i\000e\000t\000i\000e\000s\000,\000\040\000c\000o\000n\000e\000\040\000v\000a\000r\000i\000t\000i\000e\000s\000\040\000a\000n\000d\000\040\000l\000o\000c\000a\000l\000\040\000c\000o\000o\000r\000d\000i\000n\000a\000t\000e\000s}{section.21}% 87
\BOOKMARK [2][-]{subsection.21.7}{\376\377\000C\000a\000l\000a\000b\000i\000-\000Y\000a\000u\000\040\000t\000o\000r\000i\000c\000\040\000v\000a\000r\000i\000t\000i\000e\000s}{section.21}% 88
\BOOKMARK [2][-]{subsection.21.8}{\376\377\000T\000o\000r\000i\000c\000\040\000d\000i\000a\000g\000r\000a\000m\000s\000\040\000a\000n\000d\000\040\000p\000-\000q\000\040\000w\000e\000b\000s}{section.21}% 89
\BOOKMARK [2][-]{subsection.21.9}{\376\377\000S\000i\000n\000g\000u\000l\000a\000r\000i\000t\000i\000e\000s}{section.21}% 90
\BOOKMARK [1][-]{section.22}{\376\377\000I\000m\000p\000o\000r\000t\000a\000n\000t\000\040\000e\000x\000a\000m\000p\000l\000e\000s}{part.3}% 91
\BOOKMARK [2][-]{subsection.22.1}{\376\377\000T\000h\000e\000\040\000c\000o\000n\000i\000f\000o\000l\000d}{section.22}% 92
\BOOKMARK [2][-]{subsection.22.2}{\376\377\000T\000h\000e\000\040\000s\000u\000s\000p\000e\000n\000d\000e\000d\000\040\000p\000i\000n\000c\000h\000\040\000p\000o\000i\000n\000t}{section.22}% 93
\BOOKMARK [2][-]{subsection.22.3}{\376\377\000d\000e\000l\000\040\000P\000e\000z\000z\000o\000\040\000s\000u\000r\000f\000a\000c\000e\000s}{section.22}% 94
\BOOKMARK [1][-]{section.23}{\376\377\000G\000a\000u\000g\000e\000d\000\040\000l\000i\000n\000e\000a\000r\000\040\000s\000i\000g\000m\000a\000\040\000m\000o\000d\000e\000l\000\040\000\050\000G\000L\000S\000M\000\051}{part.3}% 95
\BOOKMARK [2][-]{subsection.23.1}{\376\377\000C\000a\000l\000a\000b\000i\000-\000Y\000a\000u\000\040\000a\000n\000d\000\040\000n\000o\000n\000-\000c\000o\000m\000p\000a\000c\000t\000n\000e\000s\000s\000\040\000c\000o\000n\000d\000i\000t\000i\000o\000n\000s}{section.23}% 96
\BOOKMARK [1][-]{section.24}{\376\377\000C\000o\000r\000r\000e\000s\000p\000o\000n\000d\000e\000n\000c\000e\000\040\000b\000e\000t\000w\000e\000e\000n\000\040\000g\000a\000u\000g\000e\000\040\000t\000h\000e\000o\000r\000y\000\040\000a\000n\000d\000\040\000s\000i\000n\000g\000u\000l\000a\000r\000i\000t\000y}{part.3}% 97
\BOOKMARK [2][-]{subsection.24.1}{\376\377\000F\000r\000o\000m\000\040\000g\000a\000u\000g\000e\000\040\000t\000h\000e\000o\000r\000y\000\040\000t\000o\000\040\000s\000i\000n\000g\000u\000l\000a\000r\000i\000t\000y\000:\000\040\000f\000o\000r\000w\000a\000r\000d\000\040\000a\000l\000g\000o\000r\000i\000t\000h\000m}{section.24}% 98
\BOOKMARK [2][-]{subsection.24.2}{\376\377\000F\000o\000r\000w\000a\000r\000d\000\040\000a\000l\000g\000o\000r\000i\000t\000h\000m\000\040\000f\000o\000r\000\040\000a\000b\000e\000l\000i\000n\000a\000\040\000o\000r\000b\000i\000f\000o\000l\000d\000s}{section.24}% 99
\BOOKMARK [2][-]{subsection.24.3}{\376\377\000F\000r\000o\000m\000\040\000s\000i\000n\000g\000u\000l\000a\000r\000i\000t\000y\000\040\000t\000o\000\040\000g\000a\000u\000g\000e\000\040\000t\000h\000e\000o\000r\000y\000:\000\040\000i\000n\000v\000e\000r\000s\000e\000\040\000a\000l\000g\000o\000r\000i\000t\000h\000m}{section.24}% 100
\BOOKMARK [2][-]{subsection.24.4}{\376\377\000A\000p\000p\000l\000i\000c\000a\000t\000i\000o\000n\000\040\000t\000o\000\040\000T\000o\000r\000i\000c\000\040\000d\000e\000l\000\040\000P\000e\000z\000z\000o\000'\000s}{section.24}% 101
\BOOKMARK [1][-]{section.25}{\376\377\000T\000o\000r\000i\000c\000\040\000d\000u\000a\000l\000i\000t\000y}{part.3}% 102
\BOOKMARK [0][-]{part.4}{\376\377\000I\000V\000\040\000N\000o\000n\000-\000t\000o\000r\000i\000c\000\040\000s\000i\000n\000g\000u\000l\000a\000r\000i\000t\000i\000e\000s}{}% 103
\BOOKMARK [1][-]{section.26}{\376\377\000N\000o\000n\000-\000c\000o\000m\000m\000u\000t\000a\000t\000i\000v\000e\000\040\000r\000e\000s\000o\000l\000u\000t\000i\000o\000n\000s}{part.4}% 104
\BOOKMARK [0][-]{part.5}{\376\377\000V\000\040\000B\000e\000y\000o\000n\000d\000\040\000t\000h\000e\000\040\000D\000-\000b\000r\000a\000n\000e\000\040\000p\000r\000o\000b\000e\000s\000\040\000c\000o\000n\000s\000t\000r\000u\000c\000t\000i\000o\000n\000s}{}% 105
\BOOKMARK [1][-]{appendix.A}{\376\377\000S\000i\000m\000p\000l\000i\000c\000i\000a\000l\000\040\000H\000o\000m\000o\000l\000o\000g\000y}{part.5}% 106
\BOOKMARK [1][-]{appendix.B}{\376\377\000S\000o\000m\000e\000\040\000f\000i\000n\000i\000t\000e\000\040\000s\000u\000b\000g\000r\000o\000u\000p\000s}{part.5}% 107
\BOOKMARK [2][-]{subsection.B.1}{\376\377\000F\000i\000n\000i\000t\000e\000\040\000s\000u\000b\000g\000r\000o\000u\000p\000s\000\040\000o\000f\000\040\000S\000U\000\050\0002\000\051\000\040\000a\000n\000d\000\040\000S\000L\000\050\0002\000,\000C\000\051}{appendix.B}% 108
\BOOKMARK [3][-]{subsubsection.B.1.1}{\376\377\000F\000i\000n\000i\000t\000e\000\040\000s\000u\000b\000g\000r\000o\000u\000p\000s}{subsection.B.1}% 109
\BOOKMARK [3][-]{subsubsection.B.1.2}{\376\377\000I\000r\000r\000e\000d\000u\000c\000i\000b\000l\000e\000\040\000r\000e\000p\000r\000e\000s\000e\000n\000t\000a\000t\000i\000o\000n\000s}{subsection.B.1}% 110
\BOOKMARK [3][-]{subsubsection.B.1.3}{\376\377\000C\000h\000a\000r\000a\000c\000t\000e\000r\000\040\000t\000a\000b\000l\000e\000s}{subsection.B.1}% 111
\BOOKMARK [2][-]{subsection.B.2}{\376\377\000F\000i\000n\000i\000t\000e\000\040\000s\000u\000b\000g\000r\000o\000u\000p\000s\000\040\000o\000f\000\040\000S\000U\000\050\0003\000\051}{appendix.B}% 112
\BOOKMARK [2][-]{subsection.B.3}{\376\377\000F\000i\000n\000i\000t\000e\000\040\000s\000u\000b\000g\000r\000o\000u\000p\000s\000\040\000o\000f\000\040\000S\000U\000\050\0004\000\051}{appendix.B}% 113
\BOOKMARK [1][-]{appendix.C}{\376\377\000S\000p\000a\000c\000e\000t\000i\000m\000e\000\040\000g\000e\000o\000m\000e\000t\000r\000y\000:\000\040\000A\000L\000E\000\040\000s\000p\000a\000c\000e\000\040\000a\000n\000d\000\040\000o\000r\000b\000i\000f\000o\000l\000d\000s}{part.5}% 114
\BOOKMARK [1][-]{appendix.D}{\376\377\000E\000l\000l\000i\000p\000t\000i\000c\000\040\000f\000i\000b\000r\000a\000t\000i\000o\000n\000s}{part.5}% 115
\BOOKMARK [2][-]{subsection.D.1}{\376\377\000C\000o\000n\000n\000e\000c\000t\000i\000o\000n\000\040\000t\000o\000\040\000P\000h\000y\000s\000i\000c\000s\000:\000\040\000S\000e\000i\000b\000e\000r\000g\000-\000W\000i\000t\000t\000e\000n\000\040\000t\000h\000e\000o\000r\000y}{appendix.D}% 116
\BOOKMARK [1][-]{appendix.E}{\376\377\000D\000e\000t\000e\000r\000m\000i\000n\000a\000n\000t\000a\000l\000\040\000v\000a\000r\000i\000e\000t\000i\000e\000s\000\040\000a\000s\000\040\000t\000r\000a\000n\000s\000v\000e\000r\000s\000e\000\040\000s\000p\000a\000c\000e\000s}{part.5}% 117
\BOOKMARK [2][-]{subsection.E.1}{\376\377\000B\000a\000s\000i\000c\000\040\000p\000r\000o\000p\000e\000r\000t\000i\000e\000s\000\040\000o\000f\000\040\000d\000e\000t\000e\000r\000m\000i\000n\000a\000n\000t\000a\000l\000\040\000v\000a\000r\000i\000e\000t\000i\000e\000s}{appendix.E}% 118
\BOOKMARK [3][-]{subsubsection.E.1.1}{\376\377\000C\000o\000m\000p\000u\000t\000i\000n\000g\000\040\000t\000h\000e\000\040\000d\000i\000m\000e\000n\000s\000i\000o\000n}{subsection.E.1}% 119
\BOOKMARK [3][-]{subsubsection.E.1.2}{\376\377\000S\000i\000n\000g\000u\000l\000a\000r\000i\000t\000y}{subsection.E.1}% 120
\BOOKMARK [3][-]{subsubsection.E.1.3}{\376\377\000A\000c\000t\000i\000o\000n\000\040\000a\000n\000d\000\040\000s\000y\000z\000y\000g\000i\000e\000s}{subsection.E.1}% 121
\BOOKMARK [2][-]{subsection.E.2}{\376\377\000Y\000o\000u\000n\000g\000'\000s\000\040\000l\000a\000t\000t\000i\000c\000e}{appendix.E}% 122
\BOOKMARK [1][-]{appendix.F}{\376\377\000S\000o\000m\000e\000\040\000d\000e\000r\000i\000v\000a\000t\000i\000o\000n\000s}{part.5}% 123
\BOOKMARK [2][-]{subsection.F.1}{\376\377\000I\000n\000v\000a\000r\000i\000a\000n\000t\000\040\000c\000o\000n\000f\000i\000g\000u\000r\000a\000t\000i\000o\000n\000s\000\040\000f\000o\000r\000\040\000C\000C\0002\000/\0002\000D\000n}{appendix.F}% 124
\BOOKMARK [3][-]{subsubsection.F.1.1}{\376\377\000G\000a\000u\000g\000e\000\040\000f\000i\000e\000l\000d}{subsection.F.1}% 125
\BOOKMARK [2][-]{subsection.F.2}{}{appendix.F}% 126
\BOOKMARK [1][-]{appendix.G}{\376\377\000R\000e\000f\000e\000r\000e\000n\000c\000e\000s\000\040\000g\000u\000i\000d\000e}{part.5}% 127
